INFO  | 2024-04-23 14:50:07 | [main] hibernate.Version (Version.java:44) - HHH000412: Hibernate ORM core version 6.1.5.Final
WARN  | 2024-04-23 14:50:07 | [main] stax.LocalXmlResourceResolver (LocalXmlResourceResolver.java:110) - HHH90000012: Recognized obsolete hibernate namespace http://hibernate.sourceforge.net/hibernate-configuration. Use namespace http://www.hibernate.org/dtd/hibernate-configuration instead.  Support for obsolete DTD/XSD namespaces may be removed at any time.
WARN  | 2024-04-23 14:50:08 | [main] internal.DriverManagerConnectionProviderImpl (DriverManagerConnectionProviderImpl.java:77) - HHH10001002: Using built-in connection pool (not intended for production use)
INFO  | 2024-04-23 14:50:08 | [main] internal.DriverManagerConnectionProviderImpl (DriverManagerConnectionProviderImpl.java:136) - HHH10001005: Loaded JDBC driver class: com.mysql.cj.jdbc.Driver
INFO  | 2024-04-23 14:50:08 | [main] internal.DriverManagerConnectionProviderImpl (DriverManagerConnectionProviderImpl.java:158) - HHH10001012: Connecting with JDBC URL [jdbc:mysql://localhost:3306/busybank?useSSL=false]
INFO  | 2024-04-23 14:50:08 | [main] internal.DriverManagerConnectionProviderImpl (DriverManagerConnectionProviderImpl.java:167) - HHH10001001: Connection properties: {password=****, user=root}
INFO  | 2024-04-23 14:50:08 | [main] internal.DriverManagerConnectionProviderImpl (DriverManagerConnectionProviderImpl.java:171) - HHH10001003: Autocommit mode: false
INFO  | 2024-04-23 14:50:08 | [main] internal.DriverManagerConnectionProviderImpl$PooledConnections (DriverManagerConnectionProviderImpl.java:363) - HHH10001115: Connection pool size: 50 (min=1)
INFO  | 2024-04-23 14:50:08 | [main] internal.DialectFactoryImpl (DialectFactoryImpl.java:66) - HHH000400: Using dialect: org.hibernate.dialect.MySQL57Dialect
WARN  | 2024-04-23 14:50:08 | [main] internal.DialectFactoryImpl (DialectFactoryImpl.java:73) - HHH90000026: MySQL57Dialect has been deprecated; use org.hibernate.dialect.MySQLDialect instead
INFO  | 2024-04-23 14:50:08 | [main] internal.DdlTransactionIsolatorNonJtaImpl (DdlTransactionIsolatorNonJtaImpl.java:45) - HHH10001501: Connection obtained from JdbcConnectionAccess [org.hibernate.engine.jdbc.env.internal.JdbcEnvironmentInitiator$ConnectionProviderJdbcConnectionAccess@47829d6d] for (non-JTA) DDL execution was not in auto-commit mode; the Connection 'local transaction' will be committed and the Connection will be set into auto-commit mode.
INFO  | 2024-04-23 14:50:08 | [main] internal.JtaPlatformInitiator (JtaPlatformInitiator.java:51) - HHH000490: Using JtaPlatform implementation: [org.hibernate.engine.transaction.jta.platform.internal.NoJtaPlatform]
INFO  | 2024-04-23 14:50:08 | [main] internal.DriverManagerConnectionProviderImpl$PoolState (DriverManagerConnectionProviderImpl.java:605) - HHH10001008: Cleaning up connection pool [jdbc:mysql://localhost:3306/busybank?useSSL=false]
INFO  | 2024-04-23 14:52:38 | [main] hibernate.Version (Version.java:44) - HHH000412: Hibernate ORM core version 6.1.5.Final
WARN  | 2024-04-23 14:52:38 | [main] stax.LocalXmlResourceResolver (LocalXmlResourceResolver.java:110) - HHH90000012: Recognized obsolete hibernate namespace http://hibernate.sourceforge.net/hibernate-configuration. Use namespace http://www.hibernate.org/dtd/hibernate-configuration instead.  Support for obsolete DTD/XSD namespaces may be removed at any time.
WARN  | 2024-04-23 14:52:39 | [main] internal.DriverManagerConnectionProviderImpl (DriverManagerConnectionProviderImpl.java:77) - HHH10001002: Using built-in connection pool (not intended for production use)
INFO  | 2024-04-23 14:52:39 | [main] internal.DriverManagerConnectionProviderImpl (DriverManagerConnectionProviderImpl.java:136) - HHH10001005: Loaded JDBC driver class: com.mysql.cj.jdbc.Driver
INFO  | 2024-04-23 14:52:39 | [main] internal.DriverManagerConnectionProviderImpl (DriverManagerConnectionProviderImpl.java:158) - HHH10001012: Connecting with JDBC URL [jdbc:mysql://localhost:3306/busybank?useSSL=false]
INFO  | 2024-04-23 14:52:39 | [main] internal.DriverManagerConnectionProviderImpl (DriverManagerConnectionProviderImpl.java:167) - HHH10001001: Connection properties: {password=****, user=root}
INFO  | 2024-04-23 14:52:39 | [main] internal.DriverManagerConnectionProviderImpl (DriverManagerConnectionProviderImpl.java:171) - HHH10001003: Autocommit mode: false
INFO  | 2024-04-23 14:52:39 | [main] internal.DriverManagerConnectionProviderImpl$PooledConnections (DriverManagerConnectionProviderImpl.java:363) - HHH10001115: Connection pool size: 50 (min=1)
INFO  | 2024-04-23 14:52:39 | [main] internal.DialectFactoryImpl (DialectFactoryImpl.java:66) - HHH000400: Using dialect: org.hibernate.dialect.MySQL57Dialect
WARN  | 2024-04-23 14:52:39 | [main] internal.DialectFactoryImpl (DialectFactoryImpl.java:73) - HHH90000026: MySQL57Dialect has been deprecated; use org.hibernate.dialect.MySQLDialect instead
INFO  | 2024-04-23 14:52:39 | [main] internal.DdlTransactionIsolatorNonJtaImpl (DdlTransactionIsolatorNonJtaImpl.java:45) - HHH10001501: Connection obtained from JdbcConnectionAccess [org.hibernate.engine.jdbc.env.internal.JdbcEnvironmentInitiator$ConnectionProviderJdbcConnectionAccess@43f03c23] for (non-JTA) DDL execution was not in auto-commit mode; the Connection 'local transaction' will be committed and the Connection will be set into auto-commit mode.
INFO  | 2024-04-23 14:52:39 | [main] internal.JtaPlatformInitiator (JtaPlatformInitiator.java:51) - HHH000490: Using JtaPlatform implementation: [org.hibernate.engine.transaction.jta.platform.internal.NoJtaPlatform]
INFO  | 2024-04-23 14:54:02 | [main] hibernate.Version (Version.java:44) - HHH000412: Hibernate ORM core version 6.1.5.Final
WARN  | 2024-04-23 14:54:02 | [main] stax.LocalXmlResourceResolver (LocalXmlResourceResolver.java:110) - HHH90000012: Recognized obsolete hibernate namespace http://hibernate.sourceforge.net/hibernate-configuration. Use namespace http://www.hibernate.org/dtd/hibernate-configuration instead.  Support for obsolete DTD/XSD namespaces may be removed at any time.
WARN  | 2024-04-23 14:54:02 | [main] internal.DriverManagerConnectionProviderImpl (DriverManagerConnectionProviderImpl.java:77) - HHH10001002: Using built-in connection pool (not intended for production use)
INFO  | 2024-04-23 14:54:02 | [main] internal.DriverManagerConnectionProviderImpl (DriverManagerConnectionProviderImpl.java:136) - HHH10001005: Loaded JDBC driver class: com.mysql.cj.jdbc.Driver
INFO  | 2024-04-23 14:54:02 | [main] internal.DriverManagerConnectionProviderImpl (DriverManagerConnectionProviderImpl.java:158) - HHH10001012: Connecting with JDBC URL [jdbc:mysql://localhost:3306/busybank?useSSL=false]
INFO  | 2024-04-23 14:54:02 | [main] internal.DriverManagerConnectionProviderImpl (DriverManagerConnectionProviderImpl.java:167) - HHH10001001: Connection properties: {password=****, user=root}
INFO  | 2024-04-23 14:54:02 | [main] internal.DriverManagerConnectionProviderImpl (DriverManagerConnectionProviderImpl.java:171) - HHH10001003: Autocommit mode: false
INFO  | 2024-04-23 14:54:02 | [main] internal.DriverManagerConnectionProviderImpl$PooledConnections (DriverManagerConnectionProviderImpl.java:363) - HHH10001115: Connection pool size: 50 (min=1)
INFO  | 2024-04-23 14:54:03 | [main] internal.DialectFactoryImpl (DialectFactoryImpl.java:66) - HHH000400: Using dialect: org.hibernate.dialect.MySQL57Dialect
WARN  | 2024-04-23 14:54:03 | [main] internal.DialectFactoryImpl (DialectFactoryImpl.java:73) - HHH90000026: MySQL57Dialect has been deprecated; use org.hibernate.dialect.MySQLDialect instead
INFO  | 2024-04-23 14:54:03 | [main] internal.DdlTransactionIsolatorNonJtaImpl (DdlTransactionIsolatorNonJtaImpl.java:45) - HHH10001501: Connection obtained from JdbcConnectionAccess [org.hibernate.engine.jdbc.env.internal.JdbcEnvironmentInitiator$ConnectionProviderJdbcConnectionAccess@43f03c23] for (non-JTA) DDL execution was not in auto-commit mode; the Connection 'local transaction' will be committed and the Connection will be set into auto-commit mode.
INFO  | 2024-04-23 14:54:03 | [main] internal.JtaPlatformInitiator (JtaPlatformInitiator.java:51) - HHH000490: Using JtaPlatform implementation: [org.hibernate.engine.transaction.jta.platform.internal.NoJtaPlatform]
INFO  | 2024-04-23 14:54:04 | [main] internal.DriverManagerConnectionProviderImpl$PoolState (DriverManagerConnectionProviderImpl.java:605) - HHH10001008: Cleaning up connection pool [jdbc:mysql://localhost:3306/busybank?useSSL=false]
INFO  | 2024-04-23 14:56:39 | [main] hibernate.Version (Version.java:44) - HHH000412: Hibernate ORM core version 6.1.5.Final
WARN  | 2024-04-23 14:56:39 | [main] stax.LocalXmlResourceResolver (LocalXmlResourceResolver.java:110) - HHH90000012: Recognized obsolete hibernate namespace http://hibernate.sourceforge.net/hibernate-configuration. Use namespace http://www.hibernate.org/dtd/hibernate-configuration instead.  Support for obsolete DTD/XSD namespaces may be removed at any time.
WARN  | 2024-04-23 14:56:39 | [main] internal.DriverManagerConnectionProviderImpl (DriverManagerConnectionProviderImpl.java:77) - HHH10001002: Using built-in connection pool (not intended for production use)
INFO  | 2024-04-23 14:56:39 | [main] internal.DriverManagerConnectionProviderImpl (DriverManagerConnectionProviderImpl.java:136) - HHH10001005: Loaded JDBC driver class: com.mysql.cj.jdbc.Driver
INFO  | 2024-04-23 14:56:39 | [main] internal.DriverManagerConnectionProviderImpl (DriverManagerConnectionProviderImpl.java:158) - HHH10001012: Connecting with JDBC URL [jdbc:mysql://localhost:3306/busybank?useSSL=false]
INFO  | 2024-04-23 14:56:39 | [main] internal.DriverManagerConnectionProviderImpl (DriverManagerConnectionProviderImpl.java:167) - HHH10001001: Connection properties: {password=****, user=root}
INFO  | 2024-04-23 14:56:39 | [main] internal.DriverManagerConnectionProviderImpl (DriverManagerConnectionProviderImpl.java:171) - HHH10001003: Autocommit mode: false
INFO  | 2024-04-23 14:56:39 | [main] internal.DriverManagerConnectionProviderImpl$PooledConnections (DriverManagerConnectionProviderImpl.java:363) - HHH10001115: Connection pool size: 50 (min=1)
INFO  | 2024-04-23 14:56:39 | [main] internal.DialectFactoryImpl (DialectFactoryImpl.java:66) - HHH000400: Using dialect: org.hibernate.dialect.MySQL57Dialect
WARN  | 2024-04-23 14:56:39 | [main] internal.DialectFactoryImpl (DialectFactoryImpl.java:73) - HHH90000026: MySQL57Dialect has been deprecated; use org.hibernate.dialect.MySQLDialect instead
INFO  | 2024-04-23 14:56:40 | [main] internal.DdlTransactionIsolatorNonJtaImpl (DdlTransactionIsolatorNonJtaImpl.java:45) - HHH10001501: Connection obtained from JdbcConnectionAccess [org.hibernate.engine.jdbc.env.internal.JdbcEnvironmentInitiator$ConnectionProviderJdbcConnectionAccess@43f03c23] for (non-JTA) DDL execution was not in auto-commit mode; the Connection 'local transaction' will be committed and the Connection will be set into auto-commit mode.
INFO  | 2024-04-23 14:56:40 | [main] internal.JtaPlatformInitiator (JtaPlatformInitiator.java:51) - HHH000490: Using JtaPlatform implementation: [org.hibernate.engine.transaction.jta.platform.internal.NoJtaPlatform]
INFO  | 2024-04-23 14:56:40 | [main] internal.DriverManagerConnectionProviderImpl$PoolState (DriverManagerConnectionProviderImpl.java:605) - HHH10001008: Cleaning up connection pool [jdbc:mysql://localhost:3306/busybank?useSSL=false]
INFO  | 2024-04-23 14:56:58 | [main] hibernate.Version (Version.java:44) - HHH000412: Hibernate ORM core version 6.1.5.Final
WARN  | 2024-04-23 14:56:58 | [main] stax.LocalXmlResourceResolver (LocalXmlResourceResolver.java:110) - HHH90000012: Recognized obsolete hibernate namespace http://hibernate.sourceforge.net/hibernate-configuration. Use namespace http://www.hibernate.org/dtd/hibernate-configuration instead.  Support for obsolete DTD/XSD namespaces may be removed at any time.
WARN  | 2024-04-23 14:56:58 | [main] internal.DriverManagerConnectionProviderImpl (DriverManagerConnectionProviderImpl.java:77) - HHH10001002: Using built-in connection pool (not intended for production use)
INFO  | 2024-04-23 14:56:58 | [main] internal.DriverManagerConnectionProviderImpl (DriverManagerConnectionProviderImpl.java:136) - HHH10001005: Loaded JDBC driver class: com.mysql.cj.jdbc.Driver
INFO  | 2024-04-23 14:56:58 | [main] internal.DriverManagerConnectionProviderImpl (DriverManagerConnectionProviderImpl.java:158) - HHH10001012: Connecting with JDBC URL [jdbc:mysql://localhost:3306/busybank?useSSL=false]
INFO  | 2024-04-23 14:56:58 | [main] internal.DriverManagerConnectionProviderImpl (DriverManagerConnectionProviderImpl.java:167) - HHH10001001: Connection properties: {password=****, user=root}
INFO  | 2024-04-23 14:56:58 | [main] internal.DriverManagerConnectionProviderImpl (DriverManagerConnectionProviderImpl.java:171) - HHH10001003: Autocommit mode: false
INFO  | 2024-04-23 14:56:58 | [main] internal.DriverManagerConnectionProviderImpl$PooledConnections (DriverManagerConnectionProviderImpl.java:363) - HHH10001115: Connection pool size: 50 (min=1)
INFO  | 2024-04-23 14:56:59 | [main] internal.DialectFactoryImpl (DialectFactoryImpl.java:66) - HHH000400: Using dialect: org.hibernate.dialect.MySQL57Dialect
WARN  | 2024-04-23 14:56:59 | [main] internal.DialectFactoryImpl (DialectFactoryImpl.java:73) - HHH90000026: MySQL57Dialect has been deprecated; use org.hibernate.dialect.MySQLDialect instead
INFO  | 2024-04-23 14:56:59 | [main] internal.DdlTransactionIsolatorNonJtaImpl (DdlTransactionIsolatorNonJtaImpl.java:45) - HHH10001501: Connection obtained from JdbcConnectionAccess [org.hibernate.engine.jdbc.env.internal.JdbcEnvironmentInitiator$ConnectionProviderJdbcConnectionAccess@43f03c23] for (non-JTA) DDL execution was not in auto-commit mode; the Connection 'local transaction' will be committed and the Connection will be set into auto-commit mode.
INFO  | 2024-04-23 14:56:59 | [main] internal.JtaPlatformInitiator (JtaPlatformInitiator.java:51) - HHH000490: Using JtaPlatform implementation: [org.hibernate.engine.transaction.jta.platform.internal.NoJtaPlatform]
INFO  | 2024-04-23 14:57:00 | [main] internal.DriverManagerConnectionProviderImpl$PoolState (DriverManagerConnectionProviderImpl.java:605) - HHH10001008: Cleaning up connection pool [jdbc:mysql://localhost:3306/busybank?useSSL=false]
INFO  | 2024-04-23 14:57:49 | [main] hibernate.Version (Version.java:44) - HHH000412: Hibernate ORM core version 6.1.5.Final
WARN  | 2024-04-23 14:57:49 | [main] stax.LocalXmlResourceResolver (LocalXmlResourceResolver.java:110) - HHH90000012: Recognized obsolete hibernate namespace http://hibernate.sourceforge.net/hibernate-configuration. Use namespace http://www.hibernate.org/dtd/hibernate-configuration instead.  Support for obsolete DTD/XSD namespaces may be removed at any time.
WARN  | 2024-04-23 14:57:50 | [main] internal.DriverManagerConnectionProviderImpl (DriverManagerConnectionProviderImpl.java:77) - HHH10001002: Using built-in connection pool (not intended for production use)
INFO  | 2024-04-23 14:57:50 | [main] internal.DriverManagerConnectionProviderImpl (DriverManagerConnectionProviderImpl.java:136) - HHH10001005: Loaded JDBC driver class: com.mysql.cj.jdbc.Driver
INFO  | 2024-04-23 14:57:50 | [main] internal.DriverManagerConnectionProviderImpl (DriverManagerConnectionProviderImpl.java:158) - HHH10001012: Connecting with JDBC URL [jdbc:mysql://localhost:3306/busybank?useSSL=false]
INFO  | 2024-04-23 14:57:50 | [main] internal.DriverManagerConnectionProviderImpl (DriverManagerConnectionProviderImpl.java:167) - HHH10001001: Connection properties: {password=****, user=root}
INFO  | 2024-04-23 14:57:50 | [main] internal.DriverManagerConnectionProviderImpl (DriverManagerConnectionProviderImpl.java:171) - HHH10001003: Autocommit mode: false
INFO  | 2024-04-23 14:57:50 | [main] internal.DriverManagerConnectionProviderImpl$PooledConnections (DriverManagerConnectionProviderImpl.java:363) - HHH10001115: Connection pool size: 50 (min=1)
INFO  | 2024-04-23 14:57:50 | [main] internal.DialectFactoryImpl (DialectFactoryImpl.java:66) - HHH000400: Using dialect: org.hibernate.dialect.MySQL57Dialect
WARN  | 2024-04-23 14:57:50 | [main] internal.DialectFactoryImpl (DialectFactoryImpl.java:73) - HHH90000026: MySQL57Dialect has been deprecated; use org.hibernate.dialect.MySQLDialect instead
INFO  | 2024-04-23 14:57:50 | [main] internal.DdlTransactionIsolatorNonJtaImpl (DdlTransactionIsolatorNonJtaImpl.java:45) - HHH10001501: Connection obtained from JdbcConnectionAccess [org.hibernate.engine.jdbc.env.internal.JdbcEnvironmentInitiator$ConnectionProviderJdbcConnectionAccess@43f03c23] for (non-JTA) DDL execution was not in auto-commit mode; the Connection 'local transaction' will be committed and the Connection will be set into auto-commit mode.
INFO  | 2024-04-23 14:57:50 | [main] internal.JtaPlatformInitiator (JtaPlatformInitiator.java:51) - HHH000490: Using JtaPlatform implementation: [org.hibernate.engine.transaction.jta.platform.internal.NoJtaPlatform]
INFO  | 2024-04-23 14:57:51 | [main] internal.DriverManagerConnectionProviderImpl$PoolState (DriverManagerConnectionProviderImpl.java:605) - HHH10001008: Cleaning up connection pool [jdbc:mysql://localhost:3306/busybank?useSSL=false]
INFO  | 2024-04-23 15:00:09 | [main] hibernate.Version (Version.java:44) - HHH000412: Hibernate ORM core version 6.1.5.Final
WARN  | 2024-04-23 15:00:09 | [main] stax.LocalXmlResourceResolver (LocalXmlResourceResolver.java:110) - HHH90000012: Recognized obsolete hibernate namespace http://hibernate.sourceforge.net/hibernate-configuration. Use namespace http://www.hibernate.org/dtd/hibernate-configuration instead.  Support for obsolete DTD/XSD namespaces may be removed at any time.
WARN  | 2024-04-23 15:00:10 | [main] internal.DriverManagerConnectionProviderImpl (DriverManagerConnectionProviderImpl.java:77) - HHH10001002: Using built-in connection pool (not intended for production use)
INFO  | 2024-04-23 15:00:10 | [main] internal.DriverManagerConnectionProviderImpl (DriverManagerConnectionProviderImpl.java:136) - HHH10001005: Loaded JDBC driver class: com.mysql.cj.jdbc.Driver
INFO  | 2024-04-23 15:00:10 | [main] internal.DriverManagerConnectionProviderImpl (DriverManagerConnectionProviderImpl.java:158) - HHH10001012: Connecting with JDBC URL [jdbc:mysql://localhost:3306/busybank?useSSL=false]
INFO  | 2024-04-23 15:00:10 | [main] internal.DriverManagerConnectionProviderImpl (DriverManagerConnectionProviderImpl.java:167) - HHH10001001: Connection properties: {password=****, user=root}
INFO  | 2024-04-23 15:00:10 | [main] internal.DriverManagerConnectionProviderImpl (DriverManagerConnectionProviderImpl.java:171) - HHH10001003: Autocommit mode: false
INFO  | 2024-04-23 15:00:10 | [main] internal.DriverManagerConnectionProviderImpl$PooledConnections (DriverManagerConnectionProviderImpl.java:363) - HHH10001115: Connection pool size: 50 (min=1)
INFO  | 2024-04-23 15:00:10 | [main] internal.DialectFactoryImpl (DialectFactoryImpl.java:66) - HHH000400: Using dialect: org.hibernate.dialect.MySQL57Dialect
WARN  | 2024-04-23 15:00:10 | [main] internal.DialectFactoryImpl (DialectFactoryImpl.java:73) - HHH90000026: MySQL57Dialect has been deprecated; use org.hibernate.dialect.MySQLDialect instead
INFO  | 2024-04-23 15:00:10 | [main] internal.DdlTransactionIsolatorNonJtaImpl (DdlTransactionIsolatorNonJtaImpl.java:45) - HHH10001501: Connection obtained from JdbcConnectionAccess [org.hibernate.engine.jdbc.env.internal.JdbcEnvironmentInitiator$ConnectionProviderJdbcConnectionAccess@47829d6d] for (non-JTA) DDL execution was not in auto-commit mode; the Connection 'local transaction' will be committed and the Connection will be set into auto-commit mode.
INFO  | 2024-04-23 15:00:10 | [main] internal.JtaPlatformInitiator (JtaPlatformInitiator.java:51) - HHH000490: Using JtaPlatform implementation: [org.hibernate.engine.transaction.jta.platform.internal.NoJtaPlatform]
INFO  | 2024-04-23 15:00:10 | [main] internal.DriverManagerConnectionProviderImpl$PoolState (DriverManagerConnectionProviderImpl.java:605) - HHH10001008: Cleaning up connection pool [jdbc:mysql://localhost:3306/busybank?useSSL=false]
INFO  | 2024-04-23 15:01:04 | [main] hibernate.Version (Version.java:44) - HHH000412: Hibernate ORM core version 6.1.5.Final
WARN  | 2024-04-23 15:01:05 | [main] stax.LocalXmlResourceResolver (LocalXmlResourceResolver.java:110) - HHH90000012: Recognized obsolete hibernate namespace http://hibernate.sourceforge.net/hibernate-configuration. Use namespace http://www.hibernate.org/dtd/hibernate-configuration instead.  Support for obsolete DTD/XSD namespaces may be removed at any time.
WARN  | 2024-04-23 15:01:05 | [main] internal.DriverManagerConnectionProviderImpl (DriverManagerConnectionProviderImpl.java:77) - HHH10001002: Using built-in connection pool (not intended for production use)
INFO  | 2024-04-23 15:01:05 | [main] internal.DriverManagerConnectionProviderImpl (DriverManagerConnectionProviderImpl.java:136) - HHH10001005: Loaded JDBC driver class: com.mysql.cj.jdbc.Driver
INFO  | 2024-04-23 15:01:05 | [main] internal.DriverManagerConnectionProviderImpl (DriverManagerConnectionProviderImpl.java:158) - HHH10001012: Connecting with JDBC URL [jdbc:mysql://localhost:3306/busybank?useSSL=false]
INFO  | 2024-04-23 15:01:05 | [main] internal.DriverManagerConnectionProviderImpl (DriverManagerConnectionProviderImpl.java:167) - HHH10001001: Connection properties: {password=****, user=root}
INFO  | 2024-04-23 15:01:05 | [main] internal.DriverManagerConnectionProviderImpl (DriverManagerConnectionProviderImpl.java:171) - HHH10001003: Autocommit mode: false
INFO  | 2024-04-23 15:01:05 | [main] internal.DriverManagerConnectionProviderImpl$PooledConnections (DriverManagerConnectionProviderImpl.java:363) - HHH10001115: Connection pool size: 50 (min=1)
INFO  | 2024-04-23 15:01:05 | [main] internal.DialectFactoryImpl (DialectFactoryImpl.java:66) - HHH000400: Using dialect: org.hibernate.dialect.MySQL57Dialect
WARN  | 2024-04-23 15:01:05 | [main] internal.DialectFactoryImpl (DialectFactoryImpl.java:73) - HHH90000026: MySQL57Dialect has been deprecated; use org.hibernate.dialect.MySQLDialect instead
INFO  | 2024-04-23 15:01:06 | [main] internal.DdlTransactionIsolatorNonJtaImpl (DdlTransactionIsolatorNonJtaImpl.java:45) - HHH10001501: Connection obtained from JdbcConnectionAccess [org.hibernate.engine.jdbc.env.internal.JdbcEnvironmentInitiator$ConnectionProviderJdbcConnectionAccess@47829d6d] for (non-JTA) DDL execution was not in auto-commit mode; the Connection 'local transaction' will be committed and the Connection will be set into auto-commit mode.
INFO  | 2024-04-23 15:01:06 | [main] internal.JtaPlatformInitiator (JtaPlatformInitiator.java:51) - HHH000490: Using JtaPlatform implementation: [org.hibernate.engine.transaction.jta.platform.internal.NoJtaPlatform]
INFO  | 2024-04-23 15:01:06 | [main] internal.DriverManagerConnectionProviderImpl$PoolState (DriverManagerConnectionProviderImpl.java:605) - HHH10001008: Cleaning up connection pool [jdbc:mysql://localhost:3306/busybank?useSSL=false]
INFO  | 2024-04-23 15:04:51 | [main] hibernate.Version (Version.java:44) - HHH000412: Hibernate ORM core version 6.1.5.Final
WARN  | 2024-04-23 15:04:52 | [main] stax.LocalXmlResourceResolver (LocalXmlResourceResolver.java:110) - HHH90000012: Recognized obsolete hibernate namespace http://hibernate.sourceforge.net/hibernate-configuration. Use namespace http://www.hibernate.org/dtd/hibernate-configuration instead.  Support for obsolete DTD/XSD namespaces may be removed at any time.
WARN  | 2024-04-23 15:04:52 | [main] internal.DriverManagerConnectionProviderImpl (DriverManagerConnectionProviderImpl.java:77) - HHH10001002: Using built-in connection pool (not intended for production use)
INFO  | 2024-04-23 15:04:52 | [main] internal.DriverManagerConnectionProviderImpl (DriverManagerConnectionProviderImpl.java:136) - HHH10001005: Loaded JDBC driver class: com.mysql.cj.jdbc.Driver
INFO  | 2024-04-23 15:04:52 | [main] internal.DriverManagerConnectionProviderImpl (DriverManagerConnectionProviderImpl.java:158) - HHH10001012: Connecting with JDBC URL [jdbc:mysql://localhost:3306/busybank?useSSL=false]
INFO  | 2024-04-23 15:04:52 | [main] internal.DriverManagerConnectionProviderImpl (DriverManagerConnectionProviderImpl.java:167) - HHH10001001: Connection properties: {password=****, user=root}
INFO  | 2024-04-23 15:04:52 | [main] internal.DriverManagerConnectionProviderImpl (DriverManagerConnectionProviderImpl.java:171) - HHH10001003: Autocommit mode: false
INFO  | 2024-04-23 15:04:52 | [main] internal.DriverManagerConnectionProviderImpl$PooledConnections (DriverManagerConnectionProviderImpl.java:363) - HHH10001115: Connection pool size: 50 (min=1)
INFO  | 2024-04-23 15:04:52 | [main] internal.DialectFactoryImpl (DialectFactoryImpl.java:66) - HHH000400: Using dialect: org.hibernate.dialect.MySQL57Dialect
WARN  | 2024-04-23 15:04:52 | [main] internal.DialectFactoryImpl (DialectFactoryImpl.java:73) - HHH90000026: MySQL57Dialect has been deprecated; use org.hibernate.dialect.MySQLDialect instead
INFO  | 2024-04-23 15:04:53 | [main] internal.DdlTransactionIsolatorNonJtaImpl (DdlTransactionIsolatorNonJtaImpl.java:45) - HHH10001501: Connection obtained from JdbcConnectionAccess [org.hibernate.engine.jdbc.env.internal.JdbcEnvironmentInitiator$ConnectionProviderJdbcConnectionAccess@43f03c23] for (non-JTA) DDL execution was not in auto-commit mode; the Connection 'local transaction' will be committed and the Connection will be set into auto-commit mode.
INFO  | 2024-04-23 15:04:53 | [main] internal.JtaPlatformInitiator (JtaPlatformInitiator.java:51) - HHH000490: Using JtaPlatform implementation: [org.hibernate.engine.transaction.jta.platform.internal.NoJtaPlatform]
INFO  | 2024-04-23 15:04:53 | [main] internal.DriverManagerConnectionProviderImpl$PoolState (DriverManagerConnectionProviderImpl.java:605) - HHH10001008: Cleaning up connection pool [jdbc:mysql://localhost:3306/busybank?useSSL=false]
INFO  | 2024-04-23 15:06:20 | [main] hibernate.Version (Version.java:44) - HHH000412: Hibernate ORM core version 6.1.5.Final
WARN  | 2024-04-23 15:06:20 | [main] stax.LocalXmlResourceResolver (LocalXmlResourceResolver.java:110) - HHH90000012: Recognized obsolete hibernate namespace http://hibernate.sourceforge.net/hibernate-configuration. Use namespace http://www.hibernate.org/dtd/hibernate-configuration instead.  Support for obsolete DTD/XSD namespaces may be removed at any time.
WARN  | 2024-04-23 15:06:21 | [main] internal.DriverManagerConnectionProviderImpl (DriverManagerConnectionProviderImpl.java:77) - HHH10001002: Using built-in connection pool (not intended for production use)
INFO  | 2024-04-23 15:06:21 | [main] internal.DriverManagerConnectionProviderImpl (DriverManagerConnectionProviderImpl.java:136) - HHH10001005: Loaded JDBC driver class: com.mysql.cj.jdbc.Driver
INFO  | 2024-04-23 15:06:21 | [main] internal.DriverManagerConnectionProviderImpl (DriverManagerConnectionProviderImpl.java:158) - HHH10001012: Connecting with JDBC URL [jdbc:mysql://localhost:3306/busybank?useSSL=false]
INFO  | 2024-04-23 15:06:21 | [main] internal.DriverManagerConnectionProviderImpl (DriverManagerConnectionProviderImpl.java:167) - HHH10001001: Connection properties: {password=****, user=root}
INFO  | 2024-04-23 15:06:21 | [main] internal.DriverManagerConnectionProviderImpl (DriverManagerConnectionProviderImpl.java:171) - HHH10001003: Autocommit mode: false
INFO  | 2024-04-23 15:06:21 | [main] internal.DriverManagerConnectionProviderImpl$PooledConnections (DriverManagerConnectionProviderImpl.java:363) - HHH10001115: Connection pool size: 50 (min=1)
INFO  | 2024-04-23 15:06:21 | [main] internal.DialectFactoryImpl (DialectFactoryImpl.java:66) - HHH000400: Using dialect: org.hibernate.dialect.MySQL57Dialect
WARN  | 2024-04-23 15:06:21 | [main] internal.DialectFactoryImpl (DialectFactoryImpl.java:73) - HHH90000026: MySQL57Dialect has been deprecated; use org.hibernate.dialect.MySQLDialect instead
INFO  | 2024-04-23 15:06:21 | [main] internal.DdlTransactionIsolatorNonJtaImpl (DdlTransactionIsolatorNonJtaImpl.java:45) - HHH10001501: Connection obtained from JdbcConnectionAccess [org.hibernate.engine.jdbc.env.internal.JdbcEnvironmentInitiator$ConnectionProviderJdbcConnectionAccess@47829d6d] for (non-JTA) DDL execution was not in auto-commit mode; the Connection 'local transaction' will be committed and the Connection will be set into auto-commit mode.
INFO  | 2024-04-23 15:06:21 | [main] internal.JtaPlatformInitiator (JtaPlatformInitiator.java:51) - HHH000490: Using JtaPlatform implementation: [org.hibernate.engine.transaction.jta.platform.internal.NoJtaPlatform]
INFO  | 2024-04-23 15:06:22 | [main] internal.DriverManagerConnectionProviderImpl$PoolState (DriverManagerConnectionProviderImpl.java:605) - HHH10001008: Cleaning up connection pool [jdbc:mysql://localhost:3306/busybank?useSSL=false]
